<?xml version="1.0" encoding="UTF-8"?>
<!-- Generated by org.testng.reporters.JUnitReportReporter -->
<testsuite hostname="Chinmayi" failures="0" tests="1" name="CWebPages.DemoReg" time="0.000" errors="0" timestamp="2023-01-31T15:05:20 IST" skipped="1">
  <testcase classname="CWebPages.DemoReg" name="reg" time="0.000">
    <skipped/>
  </testcase> <!-- reg -->
  <system-out/>
</testsuite> <!-- CWebPages.DemoReg -->
