<?xml version="1.0" encoding="UTF-8"?>
<!-- Generated by org.testng.reporters.JUnitReportReporter -->
<testsuite hostname="Chinmayi" failures="0" tests="1" name="CWebPages.Practicing_DataProviders" time="0.025" errors="0" timestamp="2023-01-30T15:41:52 IST" skipped="0">
  <testcase classname="CWebPages.Practicing_DataProviders" name="demo" time="0.025"/>
  <system-out/>
</testsuite> <!-- CWebPages.Practicing_DataProviders -->
