<?xml version="1.0" encoding="UTF-8"?>
<!-- Generated by org.testng.reporters.JUnitReportReporter -->
<testsuite hostname="Chinmayi" failures="0" tests="1" name="CWebPages.WorkingWithDataProviders" time="23.394" errors="0" timestamp="2023-01-30T15:02:02 IST" skipped="0">
  <testcase classname="CWebPages.WorkingWithDataProviders" name="demo" time="23.394"/>
  <system-out/>
</testsuite> <!-- CWebPages.WorkingWithDataProviders -->
