<?xml version="1.0" encoding="UTF-8"?>
<!-- Generated by org.testng.reporters.JUnitReportReporter -->
<testsuite hostname="Chinmayi" failures="0" tests="1" name="TestCases.TC06" time="10.746" errors="0" timestamp="2023-01-30T12:46:19 IST" skipped="0">
  <testcase classname="TestCases.TC06" name="login_logout" time="10.746"/>
  <system-out/>
</testsuite> <!-- TestCases.TC06 -->
