<?xml version="1.0" encoding="UTF-8"?>
<!-- Generated by org.testng.reporters.JUnitReportReporter -->
<testsuite hostname="Chinmayi" failures="0" tests="1" name="TestCases.TC07" time="11.179" errors="0" timestamp="2023-01-30T12:46:19 IST" skipped="0">
  <testcase classname="TestCases.TC07" name="Contacts" time="11.179"/>
  <system-out/>
</testsuite> <!-- TestCases.TC07 -->
