<?xml version="1.0" encoding="UTF-8"?>
<!-- Generated by org.testng.reporters.JUnitReportReporter -->
<testsuite hostname="Chinmayi" failures="0" tests="1" name="CWebPages.DemoAssertPractice" time="9.699" errors="0" timestamp="2023-01-30T10:46:15 IST" skipped="0">
  <testcase classname="CWebPages.DemoAssertPractice" name="trial" time="9.699"/>
  <system-out/>
</testsuite> <!-- CWebPages.DemoAssertPractice -->
