<?xml version="1.0" encoding="UTF-8"?>
<!-- Generated by org.testng.reporters.JUnitReportReporter -->
<testsuite hostname="Chinmayi" failures="0" tests="2" name="CWebPages.PracticeDataproviders2" time="0.017" errors="0" timestamp="2023-01-30T16:34:00 IST" skipped="0">
  <testcase classname="CWebPages.PracticeDataproviders2" name="demo" time="0.014"/>
  <system-out/>
  <testcase classname="CWebPages.PracticeDataproviders2" name="demo" time="0.003"/>
  <system-out/>
</testsuite> <!-- CWebPages.PracticeDataproviders2 -->
