<?xml version="1.0" encoding="UTF-8"?>
<!-- Generated by org.testng.reporters.JUnitReportReporter -->
<testsuite hostname="Chinmayi" failures="0" tests="1" name="TestCases.TC18" time="7.397" errors="0" timestamp="2023-01-30T12:46:19 IST" skipped="0">
  <testcase classname="TestCases.TC18" name="SearchAndSelect" time="7.397"/>
  <system-out/>
</testsuite> <!-- TestCases.TC18 -->
