<?xml version="1.0" encoding="UTF-8"?>
<!-- Generated by org.testng.reporters.JUnitReportReporter -->
<testsuite hostname="Chinmayi" failures="0" tests="1" name="CWebPages.WorkingWithExcelApache" time="1.372" errors="0" timestamp="2023-01-31T12:23:43 IST" skipped="0">
  <testcase classname="CWebPages.WorkingWithExcelApache" name="fetchvalue" time="1.372"/>
  <system-out/>
</testsuite> <!-- CWebPages.WorkingWithExcelApache -->
