<?xml version="1.0" encoding="UTF-8"?>
<!-- Generated by org.testng.reporters.JUnitReportReporter -->
<testsuite hostname="Chinmayi" failures="0" tests="1" name="CWebPages.WorkingWith_Soft_Assert" time="11.046" errors="0" timestamp="2023-01-30T10:44:46 IST" skipped="0">
  <testcase classname="CWebPages.WorkingWith_Soft_Assert" name="trial" time="11.046"/>
  <system-out/>
</testsuite> <!-- CWebPages.WorkingWith_Soft_Assert -->
