<?xml version="1.0" encoding="UTF-8"?>
<!-- Generated by org.testng.reporters.JUnitReportReporter -->
<testsuite hostname="Chinmayi" failures="0" tests="1" name="TestCases.TC04" time="25.414" errors="0" timestamp="2023-01-30T12:46:19 IST" skipped="0">
  <testcase classname="TestCases.TC04" name="leads" time="25.414"/>
  <system-out/>
</testsuite> <!-- TestCases.TC04 -->
